<?xml version="1.0" encoding="UTF-8"?>
<testsuite xmlns:xsi="http://www.w3.org/2001/XMLSchema-instance" xsi:noNamespaceSchemaLocation="https://maven.apache.org/surefire/maven-surefire-plugin/xsd/surefire-test-report.xsd" version="3.0.2" name="br.com.clashproject.ClashProjectApplicationTests" time="1.925" tests="1" errors="0" skipped="0" failures="0">
  <properties>
[...]
</properties>
  <testcase name="contextLoads" classname="br.com.clashproject.ClashProjectApplicationTests" time="0.441">
    <system-out><![CDATA[01:04:12.116 [main] INFO org.springframework.test.context.support.AnnotationConfigContextLoaderUtils -- Could not detect default configuration classes for test class [br.com.clashproject.ClashProjectApplicationTests]: ClashProjectApplicationTests does not declare any static, non-private, non-final, nested classes annotated with @Configuration.
01:04:12.190 [main] INFO org.springframework.boot.test.context.SpringBootTestContextBootstrapper -- Found @SpringBootConfiguration br.com.clashproject.ClashProjectApplication for test class br.com.clashproject.ClashProjectApplicationTests
01:04:12.277 [main] INFO org.springframework.boot.devtools.restart.RestartApplicationListener -- Restart disabled due to context in which it is running

  .   ____          _            __ _ _
 /\\ / ___'_ __ _ _(_)_ __  __ _ \ \ \ \
( ( )\___ | '_ | '_| | '_ \/ _` | \ \ \ \
 \\/  ___)| |_)| | | | | || (_| |  ) ) ) )
  '  |____| .__|_| |_|_| |_\__, | / / / /
 =========|_|==============|___/=/_/_/_/

 :: Spring Boot ::                (v3.4.4)

2025-04-13T01:04:12.411-03:00  INFO 23845 --- [clashroyale-battle-tracker] [           main] b.c.c.ClashProjectApplicationTests       : Starting ClashProjectApplicationTests using Java 23.0.2 with PID 23845 (started by miguelamaral in /Users/miguelamaral/Documents/dev/api-clash-heuryk)
2025-04-13T01:04:12.412-03:00  INFO 23845 --- [clashroyale-battle-tracker] [           main] b.c.c.ClashProjectApplicationTests       : No active profile set, falling back to 1 default profile: "default"
2025-04-13T01:04:12.767-03:00  INFO 23845 --- [clashroyale-battle-tracker] [           main] .s.d.r.c.RepositoryConfigurationDelegate : Bootstrapping Spring Data MongoDB repositories in DEFAULT mode.
2025-04-13T01:04:12.805-03:00  INFO 23845 --- [clashroyale-battle-tracker] [           main] .s.d.r.c.RepositoryConfigurationDelegate : Finished Spring Data repository scanning in 32 ms. Found 1 MongoDB repository interface.
2025-04-13T01:04:13.032-03:00  INFO 23845 --- [clashroyale-battle-tracker] [           main] org.mongodb.driver.client                : MongoClient with metadata {"application": {"name": "Cluster0"}, "driver": {"name": "mongo-java-driver|sync|spring-boot", "version": "5.2.1"}, "os": {"type": "Darwin", "name": "Mac OS X", "architecture": "aarch64", "version": "15.4"}, "platform": "Java/Oracle Corporation/23.0.2+7-58"} created with settings MongoClientSettings{readPreference=primary, writeConcern=WriteConcern{w=majority, wTimeout=null ms, journal=null}, retryWrites=true, retryReads=true, readConcern=ReadConcern{level=null}, credential=MongoCredential{mechanism=null, userName='miguelamaralsales', source='admin', password=<hidden>, mechanismProperties=<hidden>}, transportSettings=null, commandListeners=[], codecRegistry=ProvidersCodecRegistry{codecProviders=[ValueCodecProvider{}, BsonValueCodecProvider{}, DBRefCodecProvider{}, DBObjectCodecProvider{}, DocumentCodecProvider{}, CollectionCodecProvider{}, IterableCodecProvider{}, MapCodecProvider{}, GeoJsonCodecProvider{}, GridFSFileCodecProvider{}, Jsr310CodecProvider{}, JsonObjectCodecProvider{}, BsonCodecProvider{}, EnumCodecProvider{}, com.mongodb.client.model.mql.ExpressionCodecProvider@65cf4d6d, com.mongodb.Jep395RecordCodecProvider@1b410308, com.mongodb.KotlinCodecProvider@4b0bd001]}, loggerSettings=LoggerSettings{maxDocumentLength=1000}, clusterSettings={hosts=[127.0.0.1:27017], srvHost=cluster0.jlgpxp9.mongodb.net, srvServiceName=mongodb, mode=MULTIPLE, requiredClusterType=REPLICA_SET, requiredReplicaSetName='atlas-120fbc-shard-0', serverSelector='null', clusterListeners='[]', serverSelectionTimeout='30000 ms', localThreshold='15 ms'}, socketSettings=SocketSettings{connectTimeoutMS=10000, readTimeoutMS=0, receiveBufferSize=0, proxySettings=ProxySettings{host=null, port=null, username=null, password=null}}, heartbeatSocketSettings=SocketSettings{connectTimeoutMS=10000, readTimeoutMS=10000, receiveBufferSize=0, proxySettings=ProxySettings{host=null, port=null, username=null, password=null}}, connectionPoolSettings=ConnectionPoolSettings{maxSize=100, minSize=0, maxWaitTimeMS=120000, maxConnectionLifeTimeMS=0, maxConnectionIdleTimeMS=0, maintenanceInitialDelayMS=0, maintenanceFrequencyMS=60000, connectionPoolListeners=[], maxConnecting=2}, serverSettings=ServerSettings{heartbeatFrequencyMS=10000, minHeartbeatFrequencyMS=500, serverMonitoringMode=AUTO, serverListeners='[]', serverMonitorListeners='[]'}, sslSettings=SslSettings{enabled=true, invalidHostNameAllowed=false, context=null}, applicationName='Cluster0', compressorList=[], uuidRepresentation=JAVA_LEGACY, serverApi=null, autoEncryptionSettings=null, dnsClient=null, inetAddressResolver=null, contextProvider=null, timeoutMS=null}
2025-04-13T01:04:13.061-03:00  INFO 23845 --- [clashroyale-battle-tracker] [xp9.mongodb.net] org.mongodb.driver.cluster               : Adding discovered server ac-0azqg0i-shard-00-00.jlgpxp9.mongodb.net:27017 to client view of cluster
2025-04-13T01:04:13.076-03:00  INFO 23845 --- [clashroyale-battle-tracker] [xp9.mongodb.net] org.mongodb.driver.cluster               : Adding discovered server ac-0azqg0i-shard-00-02.jlgpxp9.mongodb.net:27017 to client view of cluster
2025-04-13T01:04:13.078-03:00  INFO 23845 --- [clashroyale-battle-tracker] [xp9.mongodb.net] org.mongodb.driver.cluster               : Adding discovered server ac-0azqg0i-shard-00-01.jlgpxp9.mongodb.net:27017 to client view of cluster
2025-04-13T01:04:13.502-03:00  INFO 23845 --- [clashroyale-battle-tracker] [           main] b.c.c.ClashProjectApplicationTests       : Started ClashProjectApplicationTests in 1.237 seconds (process running for 1.75)
2025-04-13T01:04:13.792-03:00  INFO 23845 --- [clashroyale-battle-tracker] [ngodb.net:27017] org.mongodb.driver.cluster               : Monitor thread successfully connected to server with description ServerDescription{address=ac-0azqg0i-shard-00-02.jlgpxp9.mongodb.net:27017, type=REPLICA_SET_SECONDARY, cryptd=false, state=CONNECTED, ok=true, minWireVersion=0, maxWireVersion=25, maxDocumentSize=16777216, logicalSessionTimeoutMinutes=30, roundTripTimeNanos=158518708, minRoundTripTimeNanos=0, setName='atlas-120fbc-shard-0', canonicalAddress=ac-0azqg0i-shard-00-02.jlgpxp9.mongodb.net:27017, hosts=[ac-0azqg0i-shard-00-00.jlgpxp9.mongodb.net:27017, ac-0azqg0i-shard-00-02.jlgpxp9.mongodb.net:27017, ac-0azqg0i-shard-00-01.jlgpxp9.mongodb.net:27017], passives=[], arbiters=[], primary='ac-0azqg0i-shard-00-01.jlgpxp9.mongodb.net:27017', tagSet=TagSet{[Tag{name='availabilityZone', value='sae1-az2'}, Tag{name='diskState', value='READY'}, Tag{name='nodeType', value='ELECTABLE'}, Tag{name='provider', value='AWS'}, Tag{name='region', value='SA_EAST_1'}, Tag{name='workloadType', value='OPERATIONAL'}]}, electionId=null, setVersion=6, topologyVersion=TopologyVersion{processId=67f41c853d9e2101f7a571c3, counter=3}, lastWriteDate=Sun Apr 13 01:04:13 GMT-03:00 2025, lastUpdateTimeNanos=122546750414583}
2025-04-13T01:04:13.792-03:00  INFO 23845 --- [clashroyale-battle-tracker] [ngodb.net:27017] org.mongodb.driver.cluster               : Monitor thread successfully connected to server with description ServerDescription{address=ac-0azqg0i-shard-00-01.jlgpxp9.mongodb.net:27017, type=REPLICA_SET_PRIMARY, cryptd=false, state=CONNECTED, ok=true, minWireVersion=0, maxWireVersion=25, maxDocumentSize=16777216, logicalSessionTimeoutMinutes=30, roundTripTimeNanos=282693667, minRoundTripTimeNanos=0, setName='atlas-120fbc-shard-0', canonicalAddress=ac-0azqg0i-shard-00-01.jlgpxp9.mongodb.net:27017, hosts=[ac-0azqg0i-shard-00-00.jlgpxp9.mongodb.net:27017, ac-0azqg0i-shard-00-02.jlgpxp9.mongodb.net:27017, ac-0azqg0i-shard-00-01.jlgpxp9.mongodb.net:27017], passives=[], arbiters=[], primary='ac-0azqg0i-shard-00-01.jlgpxp9.mongodb.net:27017', tagSet=TagSet{[Tag{name='availabilityZone', value='sae1-az3'}, Tag{name='diskState', value='READY'}, Tag{name='nodeType', value='ELECTABLE'}, Tag{name='provider', value='AWS'}, Tag{name='region', value='SA_EAST_1'}, Tag{name='workloadType', value='OPERATIONAL'}]}, electionId=7fffffff000000000000006e, setVersion=6, topologyVersion=TopologyVersion{processId=67f4191edf4d60abbaea3325, counter=6}, lastWriteDate=Sun Apr 13 01:04:13 GMT-03:00 2025, lastUpdateTimeNanos=122546750354916}
2025-04-13T01:04:13.792-03:00  INFO 23845 --- [clashroyale-battle-tracker] [ngodb.net:27017] org.mongodb.driver.cluster               : Monitor thread successfully connected to server with description ServerDescription{address=ac-0azqg0i-shard-00-00.jlgpxp9.mongodb.net:27017, type=REPLICA_SET_SECONDARY, cryptd=false, state=CONNECTED, ok=true, minWireVersion=0, maxWireVersion=25, maxDocumentSize=16777216, logicalSessionTimeoutMinutes=30, roundTripTimeNanos=181268042, minRoundTripTimeNanos=0, setName='atlas-120fbc-shard-0', canonicalAddress=ac-0azqg0i-shard-00-00.jlgpxp9.mongodb.net:27017, hosts=[ac-0azqg0i-shard-00-00.jlgpxp9.mongodb.net:27017, ac-0azqg0i-shard-00-02.jlgpxp9.mongodb.net:27017, ac-0azqg0i-shard-00-01.jlgpxp9.mongodb.net:27017], passives=[], arbiters=[], primary='ac-0azqg0i-shard-00-01.jlgpxp9.mongodb.net:27017', tagSet=TagSet{[Tag{name='availabilityZone', value='sae1-az1'}, Tag{name='diskState', value='READY'}, Tag{name='nodeType', value='ELECTABLE'}, Tag{name='provider', value='AWS'}, Tag{name='region', value='SA_EAST_1'}, Tag{name='workloadType', value='OPERATIONAL'}]}, electionId=null, setVersion=6, topologyVersion=TopologyVersion{processId=67f416ae1ce10572c5354385, counter=4}, lastWriteDate=Sun Apr 13 01:04:13 GMT-03:00 2025, lastUpdateTimeNanos=122546750354916}
2025-04-13T01:04:13.794-03:00  INFO 23845 --- [clashroyale-battle-tracker] [ngodb.net:27017] org.mongodb.driver.cluster               : Discovered replica set primary ac-0azqg0i-shard-00-01.jlgpxp9.mongodb.net:27017 with max election id 7fffffff000000000000006e and max set version 6
]]></system-out>
    <system-err><![CDATA[Mockito is currently self-attaching to enable the inline-mock-maker. This will no longer work in future releases of the JDK. Please add Mockito as an agent to your build what is described in Mockito's documentation: https://javadoc.io/doc/org.mockito/mockito-core/latest/org/mockito/Mockito.html#0.3
WARNING: A Java agent has been loaded dynamically (/Users/miguelamaral/.m2/repository/net/bytebuddy/byte-buddy-agent/1.15.11/byte-buddy-agent-1.15.11.jar)
WARNING: If a serviceability tool is in use, please run with -XX:+EnableDynamicAgentLoading to hide this warning
WARNING: If a serviceability tool is not in use, please run with -Djdk.instrument.traceUsage for more information
WARNING: Dynamic loading of agents will be disallowed by default in a future release
]]></system-err>
  </testcase>
</testsuite>